<?xml version="1.0" encoding="UTF-8"?>
<!-- Generated by org.testng.reporters.JUnitReportReporter -->
<testsuite skipped="0" hostname="AQM-DION-030" name="myRunner.TestRunner" tests="2" failures="0" timestamp="24 Apr 2019 05:25:45 GMT" time="28.626" errors="0">
  <testcase name="feature" time="9.598" classname="myRunner.TestRunner"/>
  <testcase name="feature" time="19.028" classname="myRunner.TestRunner"/>
</testsuite> <!-- myRunner.TestRunner -->
