<?xml version="1.0" encoding="UTF-8"?>
<!-- Generated by org.testng.reporters.JUnitReportReporter -->
<testsuite skipped="0" hostname="AQM-DION-030" name="myRunner.LoginTestRunner" tests="2" failures="0" timestamp="23 Apr 2019 10:48:18 GMT" time="33.924" errors="0">
  <testcase name="feature" time="13.270" classname="myRunner.LoginTestRunner"/>
  <testcase name="feature" time="20.654" classname="myRunner.LoginTestRunner"/>
</testsuite> <!-- myRunner.LoginTestRunner -->
