<?xml version="1.0" encoding="UTF-8"?>
<!-- Generated by org.testng.reporters.JUnitReportReporter -->
<testsuite skipped="0" hostname="AQM-DION-030" name="myRunner.TestRunner" tests="2" failures="0" timestamp="23 Apr 2019 12:19:26 GMT" time="26.934" errors="0">
  <testcase name="feature" time="9.162" classname="myRunner.TestRunner"/>
  <testcase name="feature" time="17.772" classname="myRunner.TestRunner"/>
</testsuite> <!-- myRunner.TestRunner -->
