<?xml version="1.0" encoding="UTF-8"?>
<!-- Generated by org.testng.reporters.JUnitReportReporter -->
<testsuite skipped="0" hostname="AQM-DION-030" name="myRunner.TestRunner" tests="2" failures="0" timestamp="02 May 2019 10:16:21 GMT" time="28.217" errors="0">
  <testcase name="feature" time="9.282" classname="myRunner.TestRunner"/>
  <testcase name="feature" time="18.935" classname="myRunner.TestRunner"/>
</testsuite> <!-- myRunner.TestRunner -->
