<?xml version="1.0" encoding="UTF-8"?>
<!-- Generated by org.testng.reporters.JUnitReportReporter -->
<testsuite skipped="0" hostname="AQM-DION-030" name="myRunner.TestRunner" tests="2" failures="0" timestamp="25 Jun 2019 05:22:26 GMT" time="68.092" errors="0">
  <testcase name="feature" time="29.384" classname="myRunner.TestRunner"/>
  <testcase name="feature" time="38.708" classname="myRunner.TestRunner"/>
</testsuite> <!-- myRunner.TestRunner -->
