<?xml version="1.0" encoding="UTF-8"?>
<!-- Generated by org.testng.reporters.JUnitReportReporter -->
<testsuite skipped="0" hostname="AQM-DION-030" name="myRunner.SmokeTestRunner" tests="1" failures="0" timestamp="16 Apr 2019 07:14:08 GMT" time="12.665" errors="0">
  <testcase name="feature" time="12.665" classname="myRunner.SmokeTestRunner"/>
</testsuite> <!-- myRunner.SmokeTestRunner -->
